-------------------------------------------------------------------------------
Test set: cucumber.Options.TestRunner
-------------------------------------------------------------------------------
Tests run: 2, Failures: 1, Errors: 0, Skipped: 0, Time elapsed: 26.687 sec <<< FAILURE! - in cucumber.Options.TestRunner
Verify Configure_Connector passes positive test cases(Validation of Configure_Connector and Update_Connector API)  Time elapsed: 26.184 sec  <<< FAILURE!
java.lang.AssertionError

