<?xml version="1.0" encoding="UTF-8"?>
<testsuite xmlns:xsi="http://www.w3.org/2001/XMLSchema-instance" xsi:schemaLocation="https://maven.apache.org/surefire/maven-surefire-plugin/xsd/surefire-test-report.xsd" name="cucumber.Options.TestRunner" time="31.769" tests="7" errors="0" skipped="0" failures="1">
  <properties>
[...]
</properties>
  <testcase name="Verify Get_col_stats passes positive test cases #1" classname="Validation of Get_col_stats API" time="13.68"/>
  <testcase name="Verify Get_col_stats passes positive test cases #2" classname="Validation of Get_col_stats API" time="11.524"/>
  <testcase name="Verify Get_col_stats when no input file is given" classname="Validation of Get_col_stats API" time="0.229"/>
  <testcase name="Verify Get_col_stats when no datasetid or version id is provided" classname="Validation of Get_col_stats API" time="0.026"/>
  <testcase name="Verify Get_Rows passes positive test cases" classname="Validation of Get_Rows API" time="5.589"/>
  <testcase name="Verify Get_Rows when no input file is given" classname="Validation of Get_Rows API" time="0.361">
    <failure message="expected:&lt;500&gt; but was:&lt;400&gt;" type="java.lang.AssertionError"><![CDATA[java.lang.AssertionError: expected:<500> but was:<400>
]]></failure>
    <system-out><![CDATA[Request method:	POST
Request URI:	http://localhost:7001/api/v1/dataset/add_by_path
Proxy:			<none>
Request params:	<none>
Query params:	<none>
Form params:	<none>
Path params:	<none>
Headers:		Accept=*/*
				Content-Type=application/json
Cookies:		<none>
Multiparts:		<none>
Body:
{
    "project_id": "Us_census_data",
    "url_path": "/weav-data/uploaded-raw-files",
    "artifact_id": "",
    "dataset_name": "Us_census_data",
    "destination_path": "raw",
    "destination": "Custom Destination",
    "tags": [
        
    ],
    "file_type": "csv",
    "connector_id": "7e96005d-cbd3-4353-aa87-a5d305641ccc",
    "source_name": "file",
    "connector_name": "file"
}
{"data":{"dataset_id":"09c3fdcd-a726-4efb-b1bb-93494f7fcf76","version_id":"1.0.1653664181"},"status":{"code":200,"result":"success"}}

Request method:	POST
Request URI:	http://localhost:7013/api/v1/get_rows
Proxy:			<none>
Request params:	<none>
Query params:	<none>
Form params:	<none>
Path params:	<none>
Headers:		Accept=*/*
				Content-Type=application/json
Cookies:		<none>
Multiparts:		<none>
Body:
{
    "dataset_id": "09c3fdcd-a726-4efb-b1bb-93494f7fcf76",
    "version_id": "1.0.1653664181",
    "user_id": "Sheshan01",
    "session_id": "session007",
    "sort_obj": {
        "col_name": "Percentage",
        "order": "DESC"
    },
    "row_count": 15,
    "show_cols": [
        "Single",
        "Question",
        "Segment Type",
        "Count",
        "Segment Description",
        "Answer",
        "Percentage",
        "timestamp"
    ]
}
**********************************Resonse Data*************************************
{
  "data": "please provide file_name to perform specific operations: \"None of [Index(['timestamp', 'Percentage', 'Answer', 'Question', 'Count',\\n       'Segment Type', 'Single', 'Segment Description'],\\n      dtype='object')] are in the [columns]\"", 
  "status": {
    "code": 500, 
    "result": "fail"
  }
}

]]></system-out>
  </testcase>
  <testcase name="Verify Get_Rows when no datasetid or version id is provided" classname="Validation of Get_Rows API" time="0.02"/>
</testsuite>