<?xml version="1.0" encoding="UTF-8"?>
<testsuite xmlns:xsi="http://www.w3.org/2001/XMLSchema-instance" xsi:schemaLocation="https://maven.apache.org/surefire/maven-surefire-plugin/xsd/surefire-test-report.xsd" name="cucumber.Options.TestRunner" time="26.687" tests="2" errors="0" skipped="0" failures="1">
  <properties>
[...]
</properties>
  <testcase name="Verify Configure_Connector passes positive test cases" classname="Validation of Configure_Connector and Update_Connector API" time="26.184">
    <failure type="java.lang.AssertionError">java.lang.AssertionError
</failure>
    <system-out><![CDATA[Request method:	POST
Request URI:	http://localhost:7002/api/v1/workspace/create
Proxy:			<none>
Request params:	<none>
Query params:	<none>
Form params:	<none>
Path params:	<none>
Headers:		Accept=*/*
				Content-Type=application/json
Cookies:		<none>
Multiparts:		<none>
Body:
{
    "name": "workspace_demo"
}
{
  "data": {
    "anonymous_data_collection": false, 
    "email": null, 
    "name": "workspace_demo", 
    "news": false, 
    "notifications": null, 
    "security_updates": false, 
    "workspace_id": "f496d02c-9213-4ccf-8f26-616ad37b01a2"
  }, 
  "status": {
    "code": 200, 
    "result": "success"
  }
}

Request method:	POST
Request URI:	http://localhost:7002/api/v1/connector/configure
Proxy:			<none>
Request params:	<none>
Query params:	<none>
Form params:	<none>
Path params:	<none>
Headers:		Accept=*/*
				Content-Type=application/json
Cookies:		<none>
Multiparts:		<none>
Body:
{
    "user_id": "Sheshan01",
    "workspace_id": "f496d02c-9213-4ccf-8f26-616ad37b01a2",
    "connector_name": "Pokeapi",
    "weav_dataset_name": "MainDataset",
    "user_defined_name": "Pokeapi_data5",
    "auth_method": "dummy",
    "auth_token": "dummy",
    "token_expiry_time": "dummy",
    "project_id": "Pokeapi_data5",
    "password": "dummy",
    "api_key": "dummy",
    "connection_configurations": {
        "pokemon_name": "bulbasaur"
    }
}
**********************************Resonse Data*************************************
{
  "data": {
    "connection_configurations": {
      "pokemon_name": "bulbasaur"
    }, 
    "connection_id": null, 
    "connector_id": "bc53f706-8041-4c97-be94-8a28216c669c", 
    "destination_id": "430eb4b7-0bac-4150-b5a2-b996c842a68d", 
    "id": "d924c6561ee54f95ab0026187fa581be", 
    "message": "Connector configured successfully", 
    "preview_strems": null, 
    "sample_path": null, 
    "sample_preview": null
  }, 
  "status": {
    "code": 200, 
    "result": "success"
  }
}

]]></system-out>
  </testcase>
  <testcase name="Verify Update_Connector passes positive test cases" classname="Validation of Configure_Connector and Update_Connector API" time="0.145"/>
</testsuite>